\BOOKMARK [1][-]{section.0.1}{Introduction}{}% 1
\BOOKMARK [-1][-]{part.1}{I Fast Scattering}{}% 2
\BOOKMARK [0][-]{chapter.1}{Scattering Network}{part.1}% 3
\BOOKMARK [1][-]{section.1.1}{Introduction}{chapter.1}% 4
\BOOKMARK [1][-]{section.1.2}{Filter Bank}{chapter.1}% 5
\BOOKMARK [1][-]{section.1.3}{Scattering Layer}{chapter.1}% 6
\BOOKMARK [0][-]{chapter.2}{Choice for Fast Audio File Manipulation}{part.1}% 7
\BOOKMARK [1][-]{section.2.1}{File Structure}{chapter.2}% 8
\BOOKMARK [1][-]{section.2.2}{Implementation}{chapter.2}% 9
\BOOKMARK [0][-]{chapter.3}{Fast Fourier Transform implementation}{part.1}% 10
\BOOKMARK [1][-]{section.3.1}{Definitions}{chapter.3}% 11
\BOOKMARK [1][-]{section.3.2}{Fast Fourier Transform}{chapter.3}% 12
\BOOKMARK [1][-]{section.3.3}{Inverse Fourier Transform}{chapter.3}% 13
\BOOKMARK [1][-]{section.3.4}{Algorithm}{chapter.3}% 14
\BOOKMARK [1][-]{section.3.5}{Graph}{chapter.3}% 15
\BOOKMARK [0][-]{chapter.4}{Spectrogram}{part.1}% 16
\BOOKMARK [1][-]{section.4.1}{Algorithm}{chapter.4}% 17
\BOOKMARK [1][-]{section.4.2}{Implementation}{chapter.4}% 18
\BOOKMARK [1][-]{section.4.3}{Graph}{chapter.4}% 19
\BOOKMARK [1][-]{section.4.4}{Examples}{chapter.4}% 20
\BOOKMARK [0][-]{chapter.5}{Scattering Network Fast Implementation}{part.1}% 21
\BOOKMARK [1][-]{section.5.1}{Meta-Parameters}{chapter.5}% 22
\BOOKMARK [1][-]{section.5.2}{Filter Bank Creation}{chapter.5}% 23
\BOOKMARK [1][-]{section.5.3}{Layer Implementation}{chapter.5}% 24
\BOOKMARK [1][-]{section.5.4}{Scattering Network Implementation}{chapter.5}% 25
\BOOKMARK [1][-]{section.5.5}{Optimizations and Computation Time}{chapter.5}% 26
\BOOKMARK [2][-]{subsection.5.5.1}{Filter Bank Optimizations}{section.5.5}% 27
\BOOKMARK [2][-]{subsection.5.5.2}{Computation Time}{section.5.5}% 28
\BOOKMARK [1][-]{section.5.6}{Examples}{chapter.5}% 29
\BOOKMARK [-1][-]{part.2}{II Benchmark and Bioacoustic Classification}{}% 30
\BOOKMARK [0][-]{chapter.6}{Challenge Presentation}{part.2}% 31
\BOOKMARK [1][-]{section.6.1}{Description}{chapter.6}% 32
\BOOKMARK [1][-]{section.6.2}{Problem Approach}{chapter.6}% 33
\BOOKMARK [1][-]{section.6.3}{Informative Features Analysis}{chapter.6}% 34
\BOOKMARK [2][-]{subsection.6.3.1}{Row Conditioning}{section.6.3}% 35
\BOOKMARK [2][-]{subsection.6.3.2}{Word Extraction}{section.6.3}% 36
\BOOKMARK [2][-]{subsection.6.3.3}{Song Extraction}{section.6.3}% 37
\BOOKMARK [2][-]{subsection.6.3.4}{Examples}{section.6.3}% 38
\BOOKMARK [2][-]{subsection.6.3.5}{Conclusion}{section.6.3}% 39
\BOOKMARK [0][-]{chapter.7}{Classification Algorithms using the Scattering Network}{part.2}% 40
\BOOKMARK [1][-]{section.7.1}{One Scattering Layer}{chapter.7}% 41
\BOOKMARK [2][-]{subsection.7.1.1}{Architecture}{section.7.1}% 42
\BOOKMARK [2][-]{subsection.7.1.2}{Cross-validation : T}{section.7.1}% 43
\BOOKMARK [2][-]{subsection.7.1.3}{Cross-validation : Features}{section.7.1}% 44
\BOOKMARK [2][-]{subsection.7.1.4}{Cross-validation : Neurons}{section.7.1}% 45
\BOOKMARK [2][-]{subsection.7.1.5}{Results Summary and Discussions}{section.7.1}% 46
\BOOKMARK [1][-]{section.7.2}{Two Scattering Layers}{chapter.7}% 47
\BOOKMARK [2][-]{subsection.7.2.1}{Architecture}{section.7.2}% 48
\BOOKMARK [2][-]{subsection.7.2.2}{Cross-validation : T2}{section.7.2}% 49
\BOOKMARK [2][-]{subsection.7.2.3}{Cross-validation : features}{section.7.2}% 50
\BOOKMARK [2][-]{subsection.7.2.4}{Cross-validation neurons}{section.7.2}% 51
\BOOKMARK [2][-]{subsection.7.2.5}{Results Summary and Discussions}{section.7.2}% 52
\BOOKMARK [1][-]{section.7.3}{Two Layers with U2 Thresholding}{chapter.7}% 53
\BOOKMARK [2][-]{subsection.7.3.1}{Architecture}{section.7.3}% 54
\BOOKMARK [2][-]{subsection.7.3.2}{Examples}{section.7.3}% 55
\BOOKMARK [2][-]{subsection.7.3.3}{Constant Weighting}{section.7.3}% 56
\BOOKMARK [2][-]{subsection.7.3.4}{Pyramidal Weighting}{section.7.3}% 57
\BOOKMARK [2][-]{subsection.7.3.5}{Results Summary and Discussions}{section.7.3}% 58
\BOOKMARK [0][-]{chapter.8}{Discussion and Conclusion}{part.2}% 59
\BOOKMARK [1][-]{section.8.1}{Discussion}{chapter.8}% 60
\BOOKMARK [2][-]{subsection.8.1.1}{Three Layers with U2 Thresholding}{section.8.1}% 61
\BOOKMARK [2][-]{subsection.8.1.2}{Image Classification}{section.8.1}% 62
\BOOKMARK [2][-]{subsection.8.1.3}{Speech Recognition : HMM}{section.8.1}% 63
\BOOKMARK [1][-]{section.8.2}{Conclusion}{chapter.8}% 64
