This is pdfTeX, Version 3.14159265-2.6-1.40.15 (TeX Live 2015/dev/Debian) (preloaded format=pdflatex 2015.9.8)  21 DEC 2015 06:51
entering extended mode
 restricted \write18 enabled.
 %&-line parsing enabled.
**CIRIL.tex
(./CIRIL.tex
LaTeX2e <2014/05/01>
Babel <3.9l> and hyphenation patterns for 4 languages loaded.
(/usr/share/texlive/texmf-dist/tex/latex/base/report.cls
Document Class: report 2014/09/29 v1.4h Standard LaTeX document class
(/usr/share/texlive/texmf-dist/tex/latex/base/size10.clo
File: size10.clo 2014/09/29 v1.4h Standard LaTeX file (size option)
)
\c@part=\count79
\c@chapter=\count80
\c@section=\count81
\c@subsection=\count82
\c@subsubsection=\count83
\c@paragraph=\count84
\c@subparagraph=\count85
\c@figure=\count86
\c@table=\count87
\abovecaptionskip=\skip41
\belowcaptionskip=\skip42
\bibindent=\dimen102
)
(/usr/share/texlive/texmf-dist/tex/latex/graphics/color.sty
Package: color 2014/04/23 v1.1a Standard LaTeX Color (DPC)

(/usr/share/texlive/texmf-dist/tex/latex/latexconfig/color.cfg
File: color.cfg 2007/01/18 v1.5 color configuration of teTeX/TeXLive
)
Package color Info: Driver file: pdftex.def on input line 137.

(/usr/share/texlive/texmf-dist/tex/latex/pdftex-def/pdftex.def
File: pdftex.def 2011/05/27 v0.06d Graphics/color for pdfTeX

(/usr/share/texlive/texmf-dist/tex/generic/oberdiek/infwarerr.sty
Package: infwarerr 2010/04/08 v1.3 Providing info/warning/error messages (HO)
)
(/usr/share/texlive/texmf-dist/tex/generic/oberdiek/ltxcmds.sty
Package: ltxcmds 2011/11/09 v1.22 LaTeX kernel commands for general use (HO)
)
\Gread@gobject=\count88
))
(/usr/share/texlive/texmf-dist/tex/latex/listings/listings.sty
(/usr/share/texlive/texmf-dist/tex/latex/graphics/keyval.sty
Package: keyval 2014/05/08 v1.15 key=value parser (DPC)
\KV@toks@=\toks14
)
\lst@mode=\count89
\lst@gtempboxa=\box26
\lst@token=\toks15
\lst@length=\count90
\lst@currlwidth=\dimen103
\lst@column=\count91
\lst@pos=\count92
\lst@lostspace=\dimen104
\lst@width=\dimen105
\lst@newlines=\count93
\lst@lineno=\count94
\lst@maxwidth=\dimen106

(/usr/share/texlive/texmf-dist/tex/latex/listings/lstmisc.sty
File: lstmisc.sty 2014/09/06 1.5e (Carsten Heinz)
\c@lstnumber=\count95
\lst@skipnumbers=\count96
\lst@framebox=\box27
)
(/usr/share/texlive/texmf-dist/tex/latex/listings/listings.cfg
File: listings.cfg 2014/09/06 1.5e listings configuration
))
Package: listings 2014/09/06 1.5e (Carsten Heinz)

(/usr/share/texlive/texmf-dist/tex/latex/tools/multicol.sty
Package: multicol 2014/10/28 v1.8i multicolumn formatting (FMi)
\c@tracingmulticols=\count97
\mult@box=\box28
\multicol@leftmargin=\dimen107
\c@unbalance=\count98
\c@collectmore=\count99
\doublecol@number=\count100
\multicoltolerance=\count101
\multicolpretolerance=\count102
\full@width=\dimen108
\page@free=\dimen109
\premulticols=\dimen110
\postmulticols=\dimen111
\multicolsep=\skip43
\multicolbaselineskip=\skip44
\partial@page=\box29
\last@line=\box30
\maxbalancingoverflow=\dimen112
\mult@rightbox=\box31
\mult@grightbox=\box32
\mult@gfirstbox=\box33
\mult@firstbox=\box34
\@tempa=\box35
\@tempa=\box36
\@tempa=\box37
\@tempa=\box38
\@tempa=\box39
\@tempa=\box40
\@tempa=\box41
\@tempa=\box42
\@tempa=\box43
\@tempa=\box44
\@tempa=\box45
\@tempa=\box46
\@tempa=\box47
\@tempa=\box48
\@tempa=\box49
\@tempa=\box50
\@tempa=\box51
\c@columnbadness=\count103
\c@finalcolumnbadness=\count104
\last@try=\dimen113
\multicolovershoot=\dimen114
\multicolundershoot=\dimen115
\mult@nat@firstbox=\box52
\colbreak@box=\box53
\mc@col@check@num=\count105
)
(/usr/share/texlive/texmf-dist/tex/latex/hyperref/hyperref.sty
Package: hyperref 2012/11/06 v6.83m Hypertext links for LaTeX

(/usr/share/texlive/texmf-dist/tex/generic/oberdiek/hobsub-hyperref.sty
Package: hobsub-hyperref 2012/05/28 v1.13 Bundle oberdiek, subset hyperref (HO)


(/usr/share/texlive/texmf-dist/tex/generic/oberdiek/hobsub-generic.sty
Package: hobsub-generic 2012/05/28 v1.13 Bundle oberdiek, subset generic (HO)
Package: hobsub 2012/05/28 v1.13 Construct package bundles (HO)
Package hobsub Info: Skipping package `infwarerr' (already loaded).
Package hobsub Info: Skipping package `ltxcmds' (already loaded).
Package: ifluatex 2010/03/01 v1.3 Provides the ifluatex switch (HO)
Package ifluatex Info: LuaTeX not detected.
Package: ifvtex 2010/03/01 v1.5 Detect VTeX and its facilities (HO)
Package ifvtex Info: VTeX not detected.
Package: intcalc 2007/09/27 v1.1 Expandable calculations with integers (HO)
Package: ifpdf 2011/01/30 v2.3 Provides the ifpdf switch (HO)
Package ifpdf Info: pdfTeX in PDF mode is detected.
Package: etexcmds 2011/02/16 v1.5 Avoid name clashes with e-TeX commands (HO)
Package etexcmds Info: Could not find \expanded.
(etexcmds)             That can mean that you are not using pdfTeX 1.50 or
(etexcmds)             that some package has redefined \expanded.
(etexcmds)             In the latter case, load this package earlier.
Package: kvsetkeys 2012/04/25 v1.16 Key value parser (HO)
Package: kvdefinekeys 2011/04/07 v1.3 Define keys (HO)
Package: pdftexcmds 2011/11/29 v0.20 Utility functions of pdfTeX for LuaTeX (HO
)
Package pdftexcmds Info: LuaTeX not detected.
Package pdftexcmds Info: \pdf@primitive is available.
Package pdftexcmds Info: \pdf@ifprimitive is available.
Package pdftexcmds Info: \pdfdraftmode found.
Package: pdfescape 2011/11/25 v1.13 Implements pdfTeX's escape features (HO)
Package: bigintcalc 2012/04/08 v1.3 Expandable calculations on big integers (HO
)
Package: bitset 2011/01/30 v1.1 Handle bit-vector datatype (HO)
Package: uniquecounter 2011/01/30 v1.2 Provide unlimited unique counter (HO)
)
Package hobsub Info: Skipping package `hobsub' (already loaded).
Package: letltxmacro 2010/09/02 v1.4 Let assignment for LaTeX macros (HO)
Package: hopatch 2012/05/28 v1.2 Wrapper for package hooks (HO)
Package: xcolor-patch 2011/01/30 xcolor patch
Package: atveryend 2011/06/30 v1.8 Hooks at the very end of document (HO)
Package atveryend Info: \enddocument detected (standard20110627).
Package: atbegshi 2011/10/05 v1.16 At begin shipout hook (HO)
Package: refcount 2011/10/16 v3.4 Data extraction from label references (HO)
Package: hycolor 2011/01/30 v1.7 Color options for hyperref/bookmark (HO)
)
(/usr/share/texlive/texmf-dist/tex/generic/ifxetex/ifxetex.sty
Package: ifxetex 2010/09/12 v0.6 Provides ifxetex conditional
)
(/usr/share/texlive/texmf-dist/tex/latex/oberdiek/auxhook.sty
Package: auxhook 2011/03/04 v1.3 Hooks for auxiliary files (HO)
)
(/usr/share/texlive/texmf-dist/tex/latex/oberdiek/kvoptions.sty
Package: kvoptions 2011/06/30 v3.11 Key value format for package options (HO)
)
\@linkdim=\dimen116
\Hy@linkcounter=\count106
\Hy@pagecounter=\count107

(/usr/share/texlive/texmf-dist/tex/latex/hyperref/pd1enc.def
File: pd1enc.def 2012/11/06 v6.83m Hyperref: PDFDocEncoding definition (HO)
)
\Hy@SavedSpaceFactor=\count108

(/usr/share/texlive/texmf-dist/tex/latex/latexconfig/hyperref.cfg
File: hyperref.cfg 2002/06/06 v1.2 hyperref configuration of TeXLive
)
Package hyperref Info: Hyper figures OFF on input line 4443.
Package hyperref Info: Link nesting OFF on input line 4448.
Package hyperref Info: Hyper index ON on input line 4451.
Package hyperref Info: Plain pages OFF on input line 4458.
Package hyperref Info: Backreferencing OFF on input line 4463.
Package hyperref Info: Implicit mode ON; LaTeX internals redefined.
Package hyperref Info: Bookmarks ON on input line 4688.
\c@Hy@tempcnt=\count109

(/usr/share/texlive/texmf-dist/tex/latex/url/url.sty
\Urlmuskip=\muskip10
Package: url 2013/09/16  ver 3.4  Verb mode for urls, etc.
)
LaTeX Info: Redefining \url on input line 5041.
\XeTeXLinkMargin=\dimen117
\Fld@menulength=\count110
\Field@Width=\dimen118
\Fld@charsize=\dimen119
Package hyperref Info: Hyper figures OFF on input line 6295.
Package hyperref Info: Link nesting OFF on input line 6300.
Package hyperref Info: Hyper index ON on input line 6303.
Package hyperref Info: backreferencing OFF on input line 6310.
Package hyperref Info: Link coloring OFF on input line 6315.
Package hyperref Info: Link coloring with OCG OFF on input line 6320.
Package hyperref Info: PDF/A mode OFF on input line 6325.
LaTeX Info: Redefining \ref on input line 6365.
LaTeX Info: Redefining \pageref on input line 6369.
\Hy@abspage=\count111
\c@Item=\count112
\c@Hfootnote=\count113
)

Package hyperref Message: Driver (autodetected): hpdftex.

(/usr/share/texlive/texmf-dist/tex/latex/hyperref/hpdftex.def
File: hpdftex.def 2012/11/06 v6.83m Hyperref driver for pdfTeX
\Fld@listcount=\count114
\c@bookmark@seq@number=\count115

(/usr/share/texlive/texmf-dist/tex/latex/oberdiek/rerunfilecheck.sty
Package: rerunfilecheck 2011/04/15 v1.7 Rerun checks for auxiliary files (HO)
Package uniquecounter Info: New unique counter `rerunfilecheck' on input line 2
82.
)
\Hy@SectionHShift=\skip45
)
(/usr/share/texlive/texmf-dist/tex/latex/mathtools/mathtools.sty
Package: mathtools 2014/07/16 v1.15 mathematical typesetting tools

(/usr/share/texlive/texmf-dist/tex/latex/tools/calc.sty
Package: calc 2014/10/28 v4.3 Infix arithmetic (KKT,FJ)
\calc@Acount=\count116
\calc@Bcount=\count117
\calc@Adimen=\dimen120
\calc@Bdimen=\dimen121
\calc@Askip=\skip46
\calc@Bskip=\skip47
LaTeX Info: Redefining \setlength on input line 75.
LaTeX Info: Redefining \addtolength on input line 76.
\calc@Ccount=\count118
\calc@Cskip=\skip48
)
(/usr/share/texlive/texmf-dist/tex/latex/mathtools/mhsetup.sty
Package: mhsetup 2010/01/21 v1.2a programming setup (MH)
)
(/usr/share/texlive/texmf-dist/tex/latex/amsmath/amsmath.sty
Package: amsmath 2013/01/14 v2.14 AMS math features
\@mathmargin=\skip49

For additional information on amsmath, use the `?' option.
(/usr/share/texlive/texmf-dist/tex/latex/amsmath/amstext.sty
Package: amstext 2000/06/29 v2.01

(/usr/share/texlive/texmf-dist/tex/latex/amsmath/amsgen.sty
File: amsgen.sty 1999/11/30 v2.0
\@emptytoks=\toks16
\ex@=\dimen122
))
(/usr/share/texlive/texmf-dist/tex/latex/amsmath/amsbsy.sty
Package: amsbsy 1999/11/29 v1.2d
\pmbraise@=\dimen123
)
(/usr/share/texlive/texmf-dist/tex/latex/amsmath/amsopn.sty
Package: amsopn 1999/12/14 v2.01 operator names
)
\inf@bad=\count119
LaTeX Info: Redefining \frac on input line 210.
\uproot@=\count120
\leftroot@=\count121
LaTeX Info: Redefining \overline on input line 306.
\classnum@=\count122
\DOTSCASE@=\count123
LaTeX Info: Redefining \ldots on input line 378.
LaTeX Info: Redefining \dots on input line 381.
LaTeX Info: Redefining \cdots on input line 466.
\Mathstrutbox@=\box54
\strutbox@=\box55
\big@size=\dimen124
LaTeX Font Info:    Redeclaring font encoding OML on input line 566.
LaTeX Font Info:    Redeclaring font encoding OMS on input line 567.
\macc@depth=\count124
\c@MaxMatrixCols=\count125
\dotsspace@=\muskip11
\c@parentequation=\count126
\dspbrk@lvl=\count127
\tag@help=\toks17
\row@=\count128
\column@=\count129
\maxfields@=\count130
\andhelp@=\toks18
\eqnshift@=\dimen125
\alignsep@=\dimen126
\tagshift@=\dimen127
\tagwidth@=\dimen128
\totwidth@=\dimen129
\lineht@=\dimen130
\@envbody=\toks19
\multlinegap=\skip50
\multlinetaggap=\skip51
\mathdisplay@stack=\toks20
LaTeX Info: Redefining \[ on input line 2665.
LaTeX Info: Redefining \] on input line 2666.
)
LaTeX Info: Thecontrolsequence`\['isalreadyrobust on input line 129.
LaTeX Info: Thecontrolsequence`\]'isalreadyrobust on input line 129.
\g_MT_multlinerow_int=\count131
\l_MT_multwidth_dim=\dimen131
\origjot=\skip52
\l_MT_shortvdotswithinadjustabove_dim=\dimen132
\l_MT_shortvdotswithinadjustbelow_dim=\dimen133
\l_MT_above_intertext_sep=\dimen134
\l_MT_below_intertext_sep=\dimen135
\l_MT_above_shortintertext_sep=\dimen136
\l_MT_below_shortintertext_sep=\dimen137
)
(/usr/share/texlive/texmf-dist/tex/latex/pgfplots/pgfplots.sty
(/usr/share/texlive/texmf-dist/tex/generic/pgfplots/pgfplots.revision.tex)
Package: pgfplots 2014/08/04 v1.11 Data Visualization (1.11-3-g4c99d7a)

(/usr/share/texlive/texmf-dist/tex/latex/pgf/frontendlayer/tikz.sty
(/usr/share/texlive/texmf-dist/tex/latex/pgf/basiclayer/pgf.sty
(/usr/share/texlive/texmf-dist/tex/latex/pgf/utilities/pgfrcs.sty
(/usr/share/texlive/texmf-dist/tex/generic/pgf/utilities/pgfutil-common.tex
\pgfutil@everybye=\toks21
\pgfutil@tempdima=\dimen138
\pgfutil@tempdimb=\dimen139

(/usr/share/texlive/texmf-dist/tex/generic/pgf/utilities/pgfutil-common-lists.t
ex)) (/usr/share/texlive/texmf-dist/tex/generic/pgf/utilities/pgfutil-latex.def
\pgfutil@abb=\box56
(/usr/share/texlive/texmf-dist/tex/latex/ms/everyshi.sty
Package: everyshi 2001/05/15 v3.00 EveryShipout Package (MS)
))
(/usr/share/texlive/texmf-dist/tex/generic/pgf/utilities/pgfrcs.code.tex
Package: pgfrcs 2013/12/20 v3.0.0 (rcs-revision 1.28)
))
Package: pgf 2013/12/18 v3.0.0 (rcs-revision 1.14)

(/usr/share/texlive/texmf-dist/tex/latex/pgf/basiclayer/pgfcore.sty
(/usr/share/texlive/texmf-dist/tex/latex/graphics/graphicx.sty
Package: graphicx 2014/04/25 v1.0g Enhanced LaTeX Graphics (DPC,SPQR)

(/usr/share/texlive/texmf-dist/tex/latex/graphics/graphics.sty
Package: graphics 2009/02/05 v1.0o Standard LaTeX Graphics (DPC,SPQR)

(/usr/share/texlive/texmf-dist/tex/latex/graphics/trig.sty
Package: trig 1999/03/16 v1.09 sin cos tan (DPC)
)
(/usr/share/texlive/texmf-dist/tex/latex/latexconfig/graphics.cfg
File: graphics.cfg 2010/04/23 v1.9 graphics configuration of TeX Live
)
Package graphics Info: Driver file: pdftex.def on input line 91.
)
\Gin@req@height=\dimen140
\Gin@req@width=\dimen141
)
(/usr/share/texlive/texmf-dist/tex/latex/pgf/systemlayer/pgfsys.sty
(/usr/share/texlive/texmf-dist/tex/generic/pgf/systemlayer/pgfsys.code.tex
Package: pgfsys 2013/11/30 v3.0.0 (rcs-revision 1.47)

(/usr/share/texlive/texmf-dist/tex/generic/pgf/utilities/pgfkeys.code.tex
\pgfkeys@pathtoks=\toks22
\pgfkeys@temptoks=\toks23

(/usr/share/texlive/texmf-dist/tex/generic/pgf/utilities/pgfkeysfiltered.code.t
ex
\pgfkeys@tmptoks=\toks24
))
\pgf@x=\dimen142
\pgf@y=\dimen143
\pgf@xa=\dimen144
\pgf@ya=\dimen145
\pgf@xb=\dimen146
\pgf@yb=\dimen147
\pgf@xc=\dimen148
\pgf@yc=\dimen149
\w@pgf@writea=\write3
\r@pgf@reada=\read1
\c@pgf@counta=\count132
\c@pgf@countb=\count133
\c@pgf@countc=\count134
\c@pgf@countd=\count135
\t@pgf@toka=\toks25
\t@pgf@tokb=\toks26
\t@pgf@tokc=\toks27
 (/usr/share/texlive/texmf-dist/tex/generic/pgf/systemlayer/pgf.cfg
File: pgf.cfg 2008/05/14  (rcs-revision 1.7)
)
Driver file for pgf: pgfsys-pdftex.def

(/usr/share/texlive/texmf-dist/tex/generic/pgf/systemlayer/pgfsys-pdftex.def
File: pgfsys-pdftex.def 2013/07/18  (rcs-revision 1.33)

(/usr/share/texlive/texmf-dist/tex/generic/pgf/systemlayer/pgfsys-common-pdf.de
f
File: pgfsys-common-pdf.def 2013/10/10  (rcs-revision 1.13)
)))
(/usr/share/texlive/texmf-dist/tex/generic/pgf/systemlayer/pgfsyssoftpath.code.
tex
File: pgfsyssoftpath.code.tex 2013/09/09  (rcs-revision 1.9)
\pgfsyssoftpath@smallbuffer@items=\count136
\pgfsyssoftpath@bigbuffer@items=\count137
)
(/usr/share/texlive/texmf-dist/tex/generic/pgf/systemlayer/pgfsysprotocol.code.
tex
File: pgfsysprotocol.code.tex 2006/10/16  (rcs-revision 1.4)
)) (/usr/share/texlive/texmf-dist/tex/latex/xcolor/xcolor.sty
Package: xcolor 2007/01/21 v2.11 LaTeX color extensions (UK)

(/usr/share/texlive/texmf-dist/tex/latex/latexconfig/color.cfg
File: color.cfg 2007/01/18 v1.5 color configuration of teTeX/TeXLive
)
Package xcolor Info: Driver file: pdftex.def on input line 225.
LaTeX Info: Redefining \color on input line 702.
Package xcolor Info: Model `cmy' substituted by `cmy0' on input line 1337.
Package xcolor Info: Model `hsb' substituted by `rgb' on input line 1341.
Package xcolor Info: Model `RGB' extended on input line 1353.
Package xcolor Info: Model `HTML' substituted by `rgb' on input line 1355.
Package xcolor Info: Model `Hsb' substituted by `hsb' on input line 1356.
Package xcolor Info: Model `tHsb' substituted by `hsb' on input line 1357.
Package xcolor Info: Model `HSB' substituted by `hsb' on input line 1358.
Package xcolor Info: Model `Gray' substituted by `gray' on input line 1359.
Package xcolor Info: Model `wave' substituted by `hsb' on input line 1360.
)
(/usr/share/texlive/texmf-dist/tex/generic/pgf/basiclayer/pgfcore.code.tex
Package: pgfcore 2010/04/11 v3.0.0 (rcs-revision 1.7)

(/usr/share/texlive/texmf-dist/tex/generic/pgf/math/pgfmath.code.tex
(/usr/share/texlive/texmf-dist/tex/generic/pgf/math/pgfmathcalc.code.tex
(/usr/share/texlive/texmf-dist/tex/generic/pgf/math/pgfmathutil.code.tex)
(/usr/share/texlive/texmf-dist/tex/generic/pgf/math/pgfmathparser.code.tex
\pgfmath@dimen=\dimen150
\pgfmath@count=\count138
\pgfmath@box=\box57
\pgfmath@toks=\toks28
\pgfmath@stack@operand=\toks29
\pgfmath@stack@operation=\toks30
)
(/usr/share/texlive/texmf-dist/tex/generic/pgf/math/pgfmathfunctions.code.tex
(/usr/share/texlive/texmf-dist/tex/generic/pgf/math/pgfmathfunctions.basic.code
.tex)
(/usr/share/texlive/texmf-dist/tex/generic/pgf/math/pgfmathfunctions.trigonomet
ric.code.tex)
(/usr/share/texlive/texmf-dist/tex/generic/pgf/math/pgfmathfunctions.random.cod
e.tex)
(/usr/share/texlive/texmf-dist/tex/generic/pgf/math/pgfmathfunctions.comparison
.code.tex)
(/usr/share/texlive/texmf-dist/tex/generic/pgf/math/pgfmathfunctions.base.code.
tex)
(/usr/share/texlive/texmf-dist/tex/generic/pgf/math/pgfmathfunctions.round.code
.tex)
(/usr/share/texlive/texmf-dist/tex/generic/pgf/math/pgfmathfunctions.misc.code.
tex)
(/usr/share/texlive/texmf-dist/tex/generic/pgf/math/pgfmathfunctions.integerari
thmetics.code.tex)))
(/usr/share/texlive/texmf-dist/tex/generic/pgf/math/pgfmathfloat.code.tex
\c@pgfmathroundto@lastzeros=\count139
))
(/usr/share/texlive/texmf-dist/tex/generic/pgf/basiclayer/pgfcorepoints.code.te
x
File: pgfcorepoints.code.tex 2013/10/07  (rcs-revision 1.27)
\pgf@picminx=\dimen151
\pgf@picmaxx=\dimen152
\pgf@picminy=\dimen153
\pgf@picmaxy=\dimen154
\pgf@pathminx=\dimen155
\pgf@pathmaxx=\dimen156
\pgf@pathminy=\dimen157
\pgf@pathmaxy=\dimen158
\pgf@xx=\dimen159
\pgf@xy=\dimen160
\pgf@yx=\dimen161
\pgf@yy=\dimen162
\pgf@zx=\dimen163
\pgf@zy=\dimen164
)
(/usr/share/texlive/texmf-dist/tex/generic/pgf/basiclayer/pgfcorepathconstruct.
code.tex
File: pgfcorepathconstruct.code.tex 2013/10/07  (rcs-revision 1.29)
\pgf@path@lastx=\dimen165
\pgf@path@lasty=\dimen166
)
(/usr/share/texlive/texmf-dist/tex/generic/pgf/basiclayer/pgfcorepathusage.code
.tex
File: pgfcorepathusage.code.tex 2013/12/13  (rcs-revision 1.23)
\pgf@shorten@end@additional=\dimen167
\pgf@shorten@start@additional=\dimen168
)
(/usr/share/texlive/texmf-dist/tex/generic/pgf/basiclayer/pgfcorescopes.code.te
x
File: pgfcorescopes.code.tex 2013/10/09  (rcs-revision 1.44)
\pgfpic=\box58
\pgf@hbox=\box59
\pgf@layerbox@main=\box60
\pgf@picture@serial@count=\count140
)
(/usr/share/texlive/texmf-dist/tex/generic/pgf/basiclayer/pgfcoregraphicstate.c
ode.tex
File: pgfcoregraphicstate.code.tex 2013/09/19  (rcs-revision 1.11)
\pgflinewidth=\dimen169
)
(/usr/share/texlive/texmf-dist/tex/generic/pgf/basiclayer/pgfcoretransformation
s.code.tex
File: pgfcoretransformations.code.tex 2013/10/10  (rcs-revision 1.17)
\pgf@pt@x=\dimen170
\pgf@pt@y=\dimen171
\pgf@pt@temp=\dimen172
)
(/usr/share/texlive/texmf-dist/tex/generic/pgf/basiclayer/pgfcorequick.code.tex
File: pgfcorequick.code.tex 2008/10/09  (rcs-revision 1.3)
)
(/usr/share/texlive/texmf-dist/tex/generic/pgf/basiclayer/pgfcoreobjects.code.t
ex
File: pgfcoreobjects.code.tex 2006/10/11  (rcs-revision 1.2)
)
(/usr/share/texlive/texmf-dist/tex/generic/pgf/basiclayer/pgfcorepathprocessing
.code.tex
File: pgfcorepathprocessing.code.tex 2013/09/09  (rcs-revision 1.9)
)
(/usr/share/texlive/texmf-dist/tex/generic/pgf/basiclayer/pgfcorearrows.code.te
x
File: pgfcorearrows.code.tex 2013/11/07  (rcs-revision 1.40)
\pgfarrowsep=\dimen173
)
(/usr/share/texlive/texmf-dist/tex/generic/pgf/basiclayer/pgfcoreshade.code.tex
File: pgfcoreshade.code.tex 2013/07/15  (rcs-revision 1.15)
\pgf@max=\dimen174
\pgf@sys@shading@range@num=\count141
)
(/usr/share/texlive/texmf-dist/tex/generic/pgf/basiclayer/pgfcoreimage.code.tex
File: pgfcoreimage.code.tex 2013/07/15  (rcs-revision 1.18)

(/usr/share/texlive/texmf-dist/tex/generic/pgf/basiclayer/pgfcoreexternal.code.
tex
File: pgfcoreexternal.code.tex 2013/07/15  (rcs-revision 1.20)
\pgfexternal@startupbox=\box61
))
(/usr/share/texlive/texmf-dist/tex/generic/pgf/basiclayer/pgfcorelayers.code.te
x
File: pgfcorelayers.code.tex 2013/07/18  (rcs-revision 1.7)
)
(/usr/share/texlive/texmf-dist/tex/generic/pgf/basiclayer/pgfcoretransparency.c
ode.tex
File: pgfcoretransparency.code.tex 2013/09/30  (rcs-revision 1.5)
)
(/usr/share/texlive/texmf-dist/tex/generic/pgf/basiclayer/pgfcorepatterns.code.
tex
File: pgfcorepatterns.code.tex 2013/11/07  (rcs-revision 1.5)
)))
(/usr/share/texlive/texmf-dist/tex/generic/pgf/modules/pgfmoduleshapes.code.tex
File: pgfmoduleshapes.code.tex 2013/10/31  (rcs-revision 1.34)
\pgfnodeparttextbox=\box62
) (/usr/share/texlive/texmf-dist/tex/generic/pgf/modules/pgfmoduleplot.code.tex
File: pgfmoduleplot.code.tex 2013/07/31  (rcs-revision 1.12)
)
(/usr/share/texlive/texmf-dist/tex/latex/pgf/compatibility/pgfcomp-version-0-65
.sty
Package: pgfcomp-version-0-65 2007/07/03 v3.0.0 (rcs-revision 1.7)
\pgf@nodesepstart=\dimen175
\pgf@nodesepend=\dimen176
)
(/usr/share/texlive/texmf-dist/tex/latex/pgf/compatibility/pgfcomp-version-1-18
.sty
Package: pgfcomp-version-1-18 2007/07/23 v3.0.0 (rcs-revision 1.1)
)) (/usr/share/texlive/texmf-dist/tex/latex/pgf/utilities/pgffor.sty
(/usr/share/texlive/texmf-dist/tex/latex/pgf/utilities/pgfkeys.sty
(/usr/share/texlive/texmf-dist/tex/generic/pgf/utilities/pgfkeys.code.tex))
(/usr/share/texlive/texmf-dist/tex/latex/pgf/math/pgfmath.sty
(/usr/share/texlive/texmf-dist/tex/generic/pgf/math/pgfmath.code.tex))
(/usr/share/texlive/texmf-dist/tex/generic/pgf/utilities/pgffor.code.tex
Package: pgffor 2013/12/13 v3.0.0 (rcs-revision 1.25)

(/usr/share/texlive/texmf-dist/tex/generic/pgf/math/pgfmath.code.tex)
\pgffor@iter=\dimen177
\pgffor@skip=\dimen178
\pgffor@stack=\toks31
\pgffor@toks=\toks32
))
(/usr/share/texlive/texmf-dist/tex/generic/pgf/frontendlayer/tikz/tikz.code.tex
Package: tikz 2013/12/13 v3.0.0 (rcs-revision 1.142)

(/usr/share/texlive/texmf-dist/tex/generic/pgf/libraries/pgflibraryplothandlers
.code.tex
File: pgflibraryplothandlers.code.tex 2013/08/31 v3.0.0 (rcs-revision 1.20)
\pgf@plot@mark@count=\count142
\pgfplotmarksize=\dimen179
)
\tikz@lastx=\dimen180
\tikz@lasty=\dimen181
\tikz@lastxsaved=\dimen182
\tikz@lastysaved=\dimen183
\tikzleveldistance=\dimen184
\tikzsiblingdistance=\dimen185
\tikz@figbox=\box63
\tikz@figbox@bg=\box64
\tikz@tempbox=\box65
\tikz@tempbox@bg=\box66
\tikztreelevel=\count143
\tikznumberofchildren=\count144
\tikznumberofcurrentchild=\count145
\tikz@fig@count=\count146

(/usr/share/texlive/texmf-dist/tex/generic/pgf/modules/pgfmodulematrix.code.tex
File: pgfmodulematrix.code.tex 2013/09/17  (rcs-revision 1.8)
\pgfmatrixcurrentrow=\count147
\pgfmatrixcurrentcolumn=\count148
\pgf@matrix@numberofcolumns=\count149
)
\tikz@expandcount=\count150

(/usr/share/texlive/texmf-dist/tex/generic/pgf/frontendlayer/tikz/libraries/tik
zlibrarytopaths.code.tex
File: tikzlibrarytopaths.code.tex 2008/06/17 v3.0.0 (rcs-revision 1.2)
)))
(/usr/share/texlive/texmf-dist/tex/generic/pgfplots/pgfplots.code.tex
(/usr/share/texlive/texmf-dist/tex/generic/pgfplots/pgfplotscore.code.tex
\t@pgfplots@toka=\toks33
\t@pgfplots@tokb=\toks34
\t@pgfplots@tokc=\toks35
\pgfplots@tmpa=\dimen186
\c@pgfplots@coordindex=\count151
\c@pgfplots@scanlineindex=\count152

(/usr/share/texlive/texmf-dist/tex/generic/pgfplots/sys/pgfplotssysgeneric.code
.tex))
(/usr/share/texlive/texmf-dist/tex/generic/pgfplots/libs/pgfplotslibrary.code.t
ex)
(/usr/share/texlive/texmf-dist/tex/generic/pgfplots/oldpgfcompatib/pgfplotsoldp
gfsupp_loader.code.tex
(/usr/share/texlive/texmf-dist/tex/generic/pgf/libraries/pgflibraryfpu.code.tex
)
(/usr/share/texlive/texmf-dist/tex/generic/pgfplots/oldpgfcompatib/pgfplotsoldp
gfsupp_trig_format.code.tex))
(/usr/share/texlive/texmf-dist/tex/generic/pgfplots/util/pgfplotsutil.code.tex
(/usr/share/texlive/texmf-dist/tex/generic/pgfplots/liststructure/pgfplotslists
tructure.code.tex)
(/usr/share/texlive/texmf-dist/tex/generic/pgfplots/liststructure/pgfplotslists
tructureext.code.tex)
(/usr/share/texlive/texmf-dist/tex/generic/pgfplots/liststructure/pgfplotsarray
.code.tex
\c@pgfplotsarray@tmp=\count153
)
(/usr/share/texlive/texmf-dist/tex/generic/pgfplots/liststructure/pgfplotsmatri
x.code.tex)
(/usr/share/texlive/texmf-dist/tex/generic/pgfplots/numtable/pgfplotstableshare
d.code.tex
\c@pgfplotstable@counta=\count154
\t@pgfplotstable@a=\toks36
)
(/usr/share/texlive/texmf-dist/tex/generic/pgfplots/liststructure/pgfplotsdeque
.code.tex)
(/usr/share/texlive/texmf-dist/tex/generic/pgfplots/util/pgfplotsbinary.code.te
x
(/usr/share/texlive/texmf-dist/tex/generic/pgfplots/util/pgfplotsbinary.data.co
de.tex))
(/usr/share/texlive/texmf-dist/tex/generic/pgfplots/util/pgfplotsutil.verb.code
.tex)
(/usr/share/texlive/texmf-dist/tex/generic/pgfplots/libs/pgflibrarypgfplots.sur
fshading.code.tex
\c@pgfplotslibrarysurf@no=\count155

(/usr/share/texlive/texmf-dist/tex/generic/pgfplots/sys/pgflibrarypgfplots.surf
shading.pgfsys-pdftex.def)))
(/usr/share/texlive/texmf-dist/tex/generic/pgfplots/util/pgfplotscolormap.code.
tex
(/usr/share/texlive/texmf-dist/tex/generic/pgfplots/util/pgfplotscolor.code.tex
))
(/usr/share/texlive/texmf-dist/tex/generic/pgfplots/pgfplotsstackedplots.code.t
ex)
(/usr/share/texlive/texmf-dist/tex/generic/pgfplots/pgfplotsplothandlers.code.t
ex
(/usr/share/texlive/texmf-dist/tex/generic/pgfplots/pgfplotsmeshplothandler.cod
e.tex))
(/usr/share/texlive/texmf-dist/tex/generic/pgfplots/pgfplots.scaling.code.tex)
(/usr/share/texlive/texmf-dist/tex/generic/pgfplots/pgfplotscoordprocessing.cod
e.tex)
(/usr/share/texlive/texmf-dist/tex/generic/pgfplots/pgfplots.errorbars.code.tex
) (/usr/share/texlive/texmf-dist/tex/generic/pgfplots/pgfplots.markers.code.tex
) (/usr/share/texlive/texmf-dist/tex/generic/pgfplots/pgfplotsticks.code.tex)
(/usr/share/texlive/texmf-dist/tex/generic/pgfplots/pgfplots.paths.code.tex)
(/usr/share/texlive/texmf-dist/tex/generic/pgf/frontendlayer/tikz/libraries/tik
zlibrarydecorations.code.tex
(/usr/share/texlive/texmf-dist/tex/generic/pgf/modules/pgfmoduledecorations.cod
e.tex
\pgfdecoratedcompleteddistance=\dimen187
\pgfdecoratedremainingdistance=\dimen188
\pgfdecoratedinputsegmentcompleteddistance=\dimen189
\pgfdecoratedinputsegmentremainingdistance=\dimen190
\pgf@decorate@distancetomove=\dimen191
\pgf@decorate@repeatstate=\count156
\pgfdecorationsegmentamplitude=\dimen192
\pgfdecorationsegmentlength=\dimen193
)
\tikz@lib@dec@box=\box67
)
(/usr/share/texlive/texmf-dist/tex/generic/pgf/frontendlayer/tikz/libraries/tik
zlibrarydecorations.pathmorphing.code.tex
(/usr/share/texlive/texmf-dist/tex/generic/pgf/libraries/decorations/pgflibrary
decorations.pathmorphing.code.tex))
(/usr/share/texlive/texmf-dist/tex/generic/pgf/frontendlayer/tikz/libraries/tik
zlibrarydecorations.pathreplacing.code.tex
(/usr/share/texlive/texmf-dist/tex/generic/pgf/libraries/decorations/pgflibrary
decorations.pathreplacing.code.tex))
\pgfplots@numplots=\count157
\pgfplots@xmin@reg=\dimen194
\pgfplots@xmax@reg=\dimen195
\pgfplots@ymin@reg=\dimen196
\pgfplots@ymax@reg=\dimen197
\pgfplots@zmin@reg=\dimen198
\pgfplots@zmax@reg=\dimen199
)
(/usr/share/texlive/texmf-dist/tex/generic/pgf/frontendlayer/tikz/libraries/tik
zlibraryplotmarks.code.tex
File: tikzlibraryplotmarks.code.tex 2008/01/09 v3.0.0 (rcs-revision 1.1)

(/usr/share/texlive/texmf-dist/tex/generic/pgf/libraries/pgflibraryplotmarks.co
de.tex
File: pgflibraryplotmarks.code.tex 2013/07/20 v3.0.0 (rcs-revision 1.13)
))) (/usr/share/texlive/texmf-dist/tex/latex/natbib/natbib.sty
Package: natbib 2010/09/13 8.31b (PWD, AO)
\bibhang=\skip53
\bibsep=\skip54
LaTeX Info: Redefining \cite on input line 694.
\c@NAT@ctr=\count158
)
(/usr/share/texlive/texmf-dist/tex/generic/babel/babel.sty
Package: babel 2014/09/25 3.9l The Babel package

(/usr/share/texlive/texmf-dist/tex/generic/babel-english/english.ldf
Language: english 2012/08/20 v3.3p English support from the babel system

(/usr/share/texlive/texmf-dist/tex/generic/babel/babel.def
File: babel.def 2014/09/25 3.9l Babel common definitions
\babel@savecnt=\count159
\U@D=\dimen200
)
\l@canadian = a dialect from \language\l@american 
\l@australian = a dialect from \language\l@british 
\l@newzealand = a dialect from \language\l@british 
))
(/usr/share/texlive/texmf-dist/tex/latex/algorithm2e/algorithm2e.sty
Package: algorithm2e 2013/01/06 v5.00 algorithms environments
\c@AlgoLine=\count160

(/usr/share/texlive/texmf-dist/tex/latex/base/ifthen.sty
Package: ifthen 2014/09/29 v1.1c Standard LaTeX ifthen package (DPC)
)
(/usr/share/texlive/texmf-dist/tex/latex/tools/xspace.sty
Package: xspace 2014/10/28 v1.13 Space after command names (DPC,MH)
)
(/usr/share/texlive/texmf-dist/tex/latex/relsize/relsize.sty
Package: relsize 2013/03/29 ver 4.1
)
********************************************************
Package `algorithm2e' Release 5.0 -- january 06 2013 --
- algorithm2e-announce@lirmm.fr mailing list for announcement about releases
- algorithm2e-discussion@lirmm.fr mailing list for discussion about package
subscribe by emailing sympa@lirmm.fr with 'subscribe <list> <firstname name>'
- Author: Christophe Fiorio (cfiorio@um2.fr)
********************************************************
\skiptotal=\skip55
\skiplinenumber=\skip56
\skiprule=\skip57
\skiphlne=\skip58
\skiptext=\skip59
\skiplength=\skip60
\algomargin=\skip61
\skipalgocfslide=\skip62
\algowidth=\dimen201
\inoutsize=\dimen202
\inoutindent=\dimen203
\interspacetitleruled=\dimen204
\interspacealgoruled=\dimen205
\interspacetitleboxruled=\dimen206
\algocf@inoutbox=\box68
\algocf@inputbox=\box69
\AlCapSkip=\skip63
\AlCapHSkip=\skip64
\algoskipindent=\skip65
\algocf@nlbox=\box70
\algocf@hangingbox=\box71
\algocf@untilbox=\box72
\algocf@skipuntil=\skip66
\algocf@capbox=\box73
\algoheightruledefault=\skip67
\algoheightrule=\skip68
\algotitleheightruledefault=\skip69
\algotitleheightrule=\skip70
\c@algocfline=\count161
\c@algocfproc=\count162
\c@algocf=\count163
\algocf@algoframe=\box74
\algocf@algobox=\box75
) (/usr/share/texlive/texmf-dist/tex/latex/float/float.sty
Package: float 2001/11/08 v1.3d Float enhancements (AL)
\c@float@type=\count164
\float@exts=\toks37
\float@box=\box76
\@float@everytoks=\toks38
\@floatcapt=\box77
)
(/usr/share/texlive/texmf-dist/tex/latex/amsfonts/amsfonts.sty
Package: amsfonts 2013/01/14 v3.01 Basic AMSFonts support
\symAMSa=\mathgroup4
\symAMSb=\mathgroup5
LaTeX Font Info:    Overwriting math alphabet `\mathfrak' in version `bold'
(Font)                  U/euf/m/n --> U/euf/b/n on input line 106.
)
(/usr/share/texlive/texmf-dist/tex/latex/titlepic/titlepic.sty
Package: titlepic 2009/08/03 1.1 Package to display a picture on the title page

)
(/usr/share/texlive/texmf-dist/tex/latex/todonotes/todonotes.sty
Package: todonotes 2012/07/25 .dtx Todonotes source and documentation.
Package: todonotes 2012/07/25

(/usr/share/texlive/texmf-dist/tex/latex/xkeyval/xkeyval.sty
Package: xkeyval 2014/05/25 v2.7 package option processing (HA)

(/usr/share/texlive/texmf-dist/tex/generic/xkeyval/xkeyval.tex
(/usr/share/texlive/texmf-dist/tex/generic/xkeyval/xkvutils.tex
\XKV@toks=\toks39
\XKV@tempa@toks=\toks40
)
\XKV@depth=\count165
File: xkeyval.tex 2014/05/25 v2.7 key=value parser (HA)
))
(/usr/share/texlive/texmf-dist/tex/generic/pgf/frontendlayer/tikz/libraries/tik
zlibrarypositioning.code.tex
File: tikzlibrarypositioning.code.tex 2008/10/06 v3.0.0 (rcs-revision 1.7)
)
\c@@todonotes@numberoftodonotes=\count166
)
(/usr/share/texlive/texmf-dist/tex/latex/preprint/authblk.sty
Package: authblk 2001/02/27 1.3 (PWD)
\affilsep=\skip71
\@affilsep=\skip72
\c@Maxaffil=\count167
\c@authors=\count168
\c@affil=\count169
)
(/usr/share/texlive/texmf-dist/tex/generic/pgf/frontendlayer/tikz/libraries/tik
zlibrarytrees.code.tex
File: tikzlibrarytrees.code.tex 2008/02/24 v3.0.0 (rcs-revision 1.2)
)
(/usr/share/texlive/texmf-dist/tex/generic/pgf/frontendlayer/tikz/libraries/tik
zlibraryarrows.code.tex
File: tikzlibraryarrows.code.tex 2008/01/09 v3.0.0 (rcs-revision 1.1)

(/usr/share/texlive/texmf-dist/tex/generic/pgf/libraries/pgflibraryarrows.code.
tex
File: pgflibraryarrows.code.tex 2013/09/23 v3.0.0 (rcs-revision 1.16)
\arrowsize=\dimen207
)) (/usr/share/texlive/texmf-dist/tex/latex/listings/lstlang1.sty
File: lstlang1.sty 2014/09/06 1.5e listings language file
)
(/usr/share/texlive/texmf-dist/tex/latex/listings/lstlang1.sty
File: lstlang1.sty 2014/09/06 1.5e listings language file
)
(/usr/share/texlive/texmf-dist/tex/latex/listings/lstmisc.sty
File: lstmisc.sty 2014/09/06 1.5e (Carsten Heinz)
) (./CIRIL.aux

LaTeX Warning: Label `ll' multiply defined.

)
\openout1 = `CIRIL.aux'.

LaTeX Font Info:    Checking defaults for OML/cmm/m/it on input line 54.
LaTeX Font Info:    ... okay on input line 54.
LaTeX Font Info:    Checking defaults for T1/cmr/m/n on input line 54.
LaTeX Font Info:    ... okay on input line 54.
LaTeX Font Info:    Checking defaults for OT1/cmr/m/n on input line 54.
LaTeX Font Info:    ... okay on input line 54.
LaTeX Font Info:    Checking defaults for OMS/cmsy/m/n on input line 54.
LaTeX Font Info:    ... okay on input line 54.
LaTeX Font Info:    Checking defaults for OMX/cmex/m/n on input line 54.
LaTeX Font Info:    ... okay on input line 54.
LaTeX Font Info:    Checking defaults for U/cmr/m/n on input line 54.
LaTeX Font Info:    ... okay on input line 54.
LaTeX Font Info:    Checking defaults for PD1/pdf/m/n on input line 54.
LaTeX Font Info:    ... okay on input line 54.
 (/usr/share/texlive/texmf-dist/tex/context/base/supp-pdf.mkii
[Loading MPS to PDF converter (version 2006.09.02).]
\scratchcounter=\count170
\scratchdimen=\dimen208
\scratchbox=\box78
\nofMPsegments=\count171
\nofMParguments=\count172
\everyMPshowfont=\toks41
\MPscratchCnt=\count173
\MPscratchDim=\dimen209
\MPnumerator=\count174
\makeMPintoPDFobject=\count175
\everyMPtoPDFconversion=\toks42
)
\c@lstlisting=\count176
\AtBeginShipoutBox=\box79
Package hyperref Info: Link coloring OFF on input line 54.
 (/usr/share/texlive/texmf-dist/tex/latex/hyperref/nameref.sty
Package: nameref 2012/10/27 v2.43 Cross-referencing by name of section

(/usr/share/texlive/texmf-dist/tex/generic/oberdiek/gettitlestring.sty
Package: gettitlestring 2010/12/03 v1.4 Cleanup title references (HO)
)
\c@section@level=\count177
)
LaTeX Info: Redefining \ref on input line 54.
LaTeX Info: Redefining \pageref on input line 54.
LaTeX Info: Redefining \nameref on input line 54.

(./CIRIL.out) (./CIRIL.out)
\@outlinefile=\write4
\openout4 = `CIRIL.out'.

 ABD: EveryShipout initializing macros
(/usr/share/texlive/texmf-dist/tex/latex/oberdiek/epstopdf-base.sty
Package: epstopdf-base 2010/02/09 v2.5 Base part for package epstopdf

(/usr/share/texlive/texmf-dist/tex/latex/oberdiek/grfext.sty
Package: grfext 2010/08/19 v1.1 Manage graphics extensions (HO)
)
Package grfext Info: Graphics extension search list:
(grfext)             [.png,.pdf,.jpg,.mps,.jpeg,.jbig2,.jb2,.PNG,.PDF,.JPG,.JPE
G,.JBIG2,.JB2,.eps]
(grfext)             \AppendGraphicsExtensions on input line 452.

(/usr/share/texlive/texmf-dist/tex/latex/latexconfig/epstopdf-sys.cfg
File: epstopdf-sys.cfg 2010/07/13 v1.3 Configuration of (r)epstopdf for TeX Liv
e
))

Package pgfplots Warning: running in backwards compatibility mode (unsuitable t
ick labels; missing features). Consider writing \pgfplotsset{compat=1.11} into 
your preamble.
 on input line 54.

LaTeX Font Info:    Try loading font information for U+msa on input line 55.
(/usr/share/texlive/texmf-dist/tex/latex/amsfonts/umsa.fd
File: umsa.fd 2013/01/14 v3.01 AMS symbols A
)
LaTeX Font Info:    Try loading font information for U+msb on input line 55.

(/usr/share/texlive/texmf-dist/tex/latex/amsfonts/umsb.fd
File: umsb.fd 2013/01/14 v3.01 AMS symbols B
) [1

{/var/lib/texmf/fonts/map/pdftex/updmap/pdftex.map}] (./CIRIL.tocpdfTeX warning
 (ext4): destination with the same identifier (name{page.1}) has been already u
sed, duplicate ignored
<to be read again> 
                   \relax 
l.39 ... {6}Challenge Presentation}{28}{chapter.6}
                                                   [1

] [2])
\tf@toc=\write5
\openout5 = `CIRIL.toc'.

 [3]

Package natbib Warning: Citation `m3' on page 4 undefined on input line 66.


Underfull \hbox (badness 10000) in paragraph at lines 64--72

 []

[4] [5

]
Chapter 1.

Underfull \hbox (badness 10000) in paragraph at lines 91--100

 []

[6

]
LaTeX Font Info:    Try loading font information for OMS+cmr on input line 108.

 (/usr/share/texlive/texmf-dist/tex/latex/base/omscmr.fd
File: omscmr.fd 2014/09/29 v2.5h Standard LaTeX font definitions
)
LaTeX Font Info:    Font shape `OMS/cmr/m/n' in size <10> not available
(Font)              Font shape `OMS/cmsy/m/n' tried instead on input line 108.
 [7]
Underfull \hbox (badness 10000) in paragraph at lines 157--176

 []

[8]
Underfull \hbox (badness 10000) in paragraph at lines 189--190

 []

[9pdfTeX warning (ext4): destination with the same identifier (name{algocf.1}) 
has been already used, duplicate ignored

\AtBegShi@Output ...ipout \box \AtBeginShipoutBox 
                                                  \fi \fi 
l.230 \]
        ] [10]
Chapter 2.
<wavformat.png, id=610, 951.555pt x 819.06pt>
File: wavformat.png Graphic file (type png)
 <use wavformat.png>
Package pdftex.def Info: wavformat.png used on input line 260.
(pdftex.def)             Requested size: 294.979pt x 253.90598pt.
 [11

pdfTeX warning (ext4): destination with the same identifier (name{figure.2.1}) 
has been already used, duplicate ignored

\AtBegShi@Output ...ipout \box \AtBeginShipoutBox 
                                                  \fi \fi 
l.266 \subsection
                 *{Chunk} <./wavformat.png>]
LaTeX Font Info:    Try loading font information for OML+cmr on input line 297.


(/usr/share/texlive/texmf-dist/tex/latex/base/omlcmr.fd
File: omlcmr.fd 2014/09/29 v2.5h Standard LaTeX font definitions
)
LaTeX Font Info:    Font shape `OML/cmr/m/n' in size <5> not available
(Font)              Font shape `OML/cmm/m/it' tried instead on input line 297.
 [12] [13]
Chapter 3.
[14

] [15]
Overfull \hbox (6.63605pt too wide) detected at line 384
\OML/cmm/m/it/10 X[] \OT1/cmr/m/n/10 = \OML/cmm/m/it/10 x[] \OT1/cmr/m/n/10 + \
OML/cmm/m/it/10 W[]x[] \OT1/cmr/m/n/10 + \OML/cmm/m/it/10 W[]x[] \OT1/cmr/m/n/1
0 + \OML/cmm/m/it/10 W[]W[]x[] \OT1/cmr/m/n/10 + \OML/cmm/m/it/10 W[]x[] \OT1/c
mr/m/n/10 + \OML/cmm/m/it/10 W[]W[]x[] \OT1/cmr/m/n/10 + \OML/cmm/m/it/10 W[]W[
]x[] \OT1/cmr/m/n/10 + \OML/cmm/m/it/10 W[]W[]W[]x[]
 []

[16]
Overfull \hbox (1.3513pt too wide) in paragraph at lines 416--419
\OT1/cmr/m/n/10 And so on us-ing trigono-met-ric prop-er-ties, with func-tions 
here be-ing $\OML/cmm/m/it/10 N^^Y$\OT1/cmr/m/n/10 -periodic.
 []

<Butterfly8.jpg, id=665, 451.6875pt x 376.40625pt>
File: Butterfly8.jpg Graphic file (type jpg)
 <use Butterfly8.jpg>
Package pdftex.def Info: Butterfly8.jpg used on input line 431.
(pdftex.def)             Requested size: 316.17908pt x 263.48257pt.


Package natbib Warning: Citation `learnfft' on page 17 undefined on input line 
432.

[17]
LaTeX Font Info:    Font shape `OMS/cmr/m/n' in size <5> not available
(Font)              Font shape `OMS/cmsy/m/n' tried instead on input line 442.
 [18pdfTeX warning (ext4): destination with the same identifier (name{figure.3.
1}) has been already used, duplicate ignored

\AtBegShi@Output ...ipout \box \AtBeginShipoutBox 
                                                  \fi \fi 
l.476    Block 
               :  1 <./Butterfly8.jpg>]
<fft_diagram.png, id=715, 597.73312pt x 845.40843pt>
File: fft_diagram.png Graphic file (type png)
 <use fft_diagram.png>
Package pdftex.def Info: fft_diagram.png used on input line 526.
(pdftex.def)             Requested size: 185.29535pt x 262.0739pt.

[19] [20pdfTeX warning (ext4): destination with the same identifier (name{figur
e.3.2}) has been already used, duplicate ignored

\AtBegShi@Output ...ipout \box \AtBeginShipoutBox 
                                                  \fi \fi 
l.530 \chapter
              {Spectrogram} <./fft_diagram.png>]
Chapter 4.
[21

] [22] [23]
Chapter 5.
[24

] <psis.png, id=805, 1393.3656pt x 763.1712pt>
File: psis.png Graphic file (type png)
 <use psis.png>
Package pdftex.def Info: psis.png used on input line 664.
(pdftex.def)             Requested size: 292.61542pt x 160.27068pt.


LaTeX Warning: Reference `oo' on page 25 undefined on input line 673.

[25pdfTeX warning (ext4): destination with the same identifier (name{figure.5.1
}) has been already used, duplicate ignored

\AtBegShi@Output ...ipout \box \AtBeginShipoutBox 
                                                  \fi \fi 
l.674 \[
         U_2:= \left( \begin{array}{c} <./psis.png>] [26]
Overfull \hbox (26.77855pt too wide) in paragraph at lines 737--744
\OT1/cmr/m/n/10 In the ex-am-ples be-low we did not ap-ply any op-er-a-tion (lo
g-a-rithm, re-normalization,...).
 []

[27] [28

] [29

]

Package hyperref Warning: Difference (2) between bookmark levels is greater 
(hyperref)                than one, level fixed on input line 754.


Underfull \hbox (badness 10000) in paragraph at lines 770--771

 []


Underfull \hbox (badness 10000) in paragraph at lines 772--775

 []

[30] [31] [32] [33

]

Package hyperref Warning: Difference (2) between bookmark levels is greater 
(hyperref)                than one, level fixed on input line 849.


Package hyperref Warning: Difference (2) between bookmark levels is greater 
(hyperref)                than one, level fixed on input line 851.

[34pdfTeX warning (ext4): destination with the same identifier (name{algocf.2})
 has been already used, duplicate ignored

\AtBegShi@Output ...ipout \box \AtBeginShipoutBox 
                                                  \fi \fi 
l.899 \end{algorithm}
                     pdfTeX warning (ext4): destination with the same identifie
r (name{algocf.3}) has been already used, duplicate ignored

\AtBegShi@Output ...ipout \box \AtBeginShipoutBox 
                                                  \fi \fi 
l.899 \end{algorithm}
                     ]
LaTeX Font Info:    Font shape `OMS/cmr/m/it' in size <5> not available
(Font)              Font shape `OMS/cmsy/m/n' tried instead on input line 918.
 [35pdfTeX warning (ext4): destination with the same identifier (name{algocf.4}
) has been already used, duplicate ignored

\AtBegShi@Output ...ipout \box \AtBeginShipoutBox 
                                                  \fi \fi 
l.950 \subsection
                 {Computing the Matrix Determinant}pdfTeX warning (ext4): desti
nation with the same identifier (name{algocf.5}) has been already used, duplica
te ignored

\AtBegShi@Output ...ipout \box \AtBeginShipoutBox 
                                                  \fi \fi 
l.950 \subsection
                 {Computing the Matrix Determinant}]
Overfull \hbox (2.22221pt too wide) in paragraph at lines 990--1002
 []$[]$ 
 []

<jacobi_example.png, id=952, 1682.4456pt x 922.8879pt>
File: jacobi_example.png Graphic file (type png)

<use jacobi_example.png>
Package pdftex.def Info: jacobi_example.png used on input line 1008.
(pdftex.def)             Requested size: 336.48315pt x 184.57431pt.
 [36pdfTeX warning (ext4): destination with the same identifier (name{algocf.6}
) has been already used, duplicate ignored

\AtBegShi@Output ...ipout \box \AtBeginShipoutBox 
                                                  \fi \fi 
l.1011 
       ] <jacobi_error.png, id=963, 1682.4456pt x 922.8879pt>
File: jacobi_error.png Graphic file (type png)

<use jacobi_error.png>
Package pdftex.def Info: jacobi_error.png used on input line 1015.
(pdftex.def)             Requested size: 336.48315pt x 184.57431pt.
 [37pdfTeX warning (ext4): destination with the same identifier (name{figure.5.
2}) has been already used, duplicate ignored

\AtBegShi@Output ...ipout \box \AtBeginShipoutBox 
                                                  \fi \fi 
l.1021 \[
         pdfTeX warning (ext4): destination with the same identifier (name{figu
re.5.3}) has been already used, duplicate ignored

\AtBegShi@Output ...ipout \box \AtBeginShipoutBox 
                                                  \fi \fi 
l.1021 \[
          <./jacobi_example.png> <./jacobi_error.png>]
Overfull \hbox (2.22221pt too wide) in paragraph at lines 1045--1057
 []$[]$ 
 []

<gauss_seidel_iteration.png, id=973, 1682.4456pt x 922.8879pt>
File: gauss_seidel_iteration.png Graphic file (type png)

<use gauss_seidel_iteration.png>
Package pdftex.def Info: gauss_seidel_iteration.png used on input line 1076.
(pdftex.def)             Requested size: 336.48315pt x 184.57431pt.
 [38pdfTeX warning (ext4): destination with the same identifier (name{algocf.7}
) has been already used, duplicate ignored

\AtBegShi@Output ...ipout \box \AtBeginShipoutBox 
                                                  \fi \fi 
l.1079 A
        nd now the convergence rate :pdfTeX warning (ext4): destination with th
e same identifier (name{algocf.8}) has been already used, duplicate ignored

\AtBegShi@Output ...ipout \box \AtBeginShipoutBox 
                                                  \fi \fi 
l.1079 A
        nd now the convergence rate :]
<gauss_seidel_rate.png, id=983, 1682.4456pt x 922.8879pt>
File: gauss_seidel_rate.png Graphic file (type png)

<use gauss_seidel_rate.png>
Package pdftex.def Info: gauss_seidel_rate.png used on input line 1083.
(pdftex.def)             Requested size: 336.48315pt x 184.57431pt.
LaTeX Font Info:    Font shape `OML/cmr/m/it' in size <5> not available
(Font)              Font shape `OML/cmm/m/it' tried instead on input line 1092.

 [39pdfTeX warning (ext4): destination with the same identifier (name{figure.5.
4}) has been already used, duplicate ignored

\AtBegShi@Output ...ipout \box \AtBeginShipoutBox 
                                                  \fi \fi 
l.1107 \]
         pdfTeX warning (ext4): destination with the same identifier (name{figu
re.5.5}) has been already used, duplicate ignored

\AtBegShi@Output ...ipout \box \AtBeginShipoutBox 
                                                  \fi \fi 
l.1107 \]
          <./gauss_seidel_iteration.png> <./gauss_seidel_rate.png>]
<courbes.png, id=1005, 1682.4456pt x 922.8879pt>
File: courbes.png Graphic file (type png)
 <use courbes.png>
Package pdftex.def Info: courbes.png used on input line 1149.
(pdftex.def)             Requested size: 336.48315pt x 184.57431pt.
 [40pdfTeX warning (ext4): destination with the same identifier (name{algocf.9}
) has been already used, duplicate ignored

\AtBegShi@Output ...ipout \box \AtBeginShipoutBox 
                                                  \fi \fi 
l.1152 T
        he first matrix shows a saddle point, the second one is symmetric po...
] [41pdfTeX warning (ext4): destination with the same identifier (name{figure.5
.6}) has been already used, duplicate ignored

\AtBegShi@Output ...ipout \box \AtBeginShipoutBox 
                                                  \fi \fi 
l.1177 W
        ith $\nabla f(x_k)=Ax_k-b$ and obviously <./courbes.png>]
Underfull \hbox (badness 10000) in paragraph at lines 1177--1180

 []

<GD_example.png, id=1021, 586.8324pt x 442.2924pt>
File: GD_example.png Graphic file (type png)
 <use GD_example.png>
Package pdftex.def Info: GD_example.png used on input line 1203.
(pdftex.def)             Requested size: 234.72879pt x 176.91382pt.

[42pdfTeX warning (ext4): destination with the same identifier (name{algocf.10}
) has been already used, duplicate ignored

\AtBegShi@Output ...ipout \box \AtBeginShipoutBox 
                                                  \fi \fi 
l.1206 
       pdfTeX warning (ext4): destination with the same identifier (name{algocf
.11}) has been already used, duplicate ignored

\AtBegShi@Output ...ipout \box \AtBeginShipoutBox 
                                                  \fi \fi 
l.1206 
       ]
Underfull \hbox (badness 10000) in paragraph at lines 1219--1221

 []

[43pdfTeX warning (ext4): destination with the same identifier (name{figure.5.7
}) has been already used, duplicate ignored

\AtBegShi@Output ...ipout \box \AtBeginShipoutBox 
                                                  \fi \fi 
l.1253 O
        nce again by using the recursive formula for the gradient, errors mi...
pdfTeX warning (ext4): destination with the same identifier (name{algocf.12}) h
as been already used, duplicate ignored

\AtBegShi@Output ...ipout \box \AtBeginShipoutBox 
                                                  \fi \fi 
l.1253 O
        nce again by using the recursive formula for the gradient, errors mi...
 <./GD_example.png>] <CGD_example.png, id=1049, 586.8324pt x 442.2924pt>
File: CGD_example.png Graphic file (type png)

<use CGD_example.png>
Package pdftex.def Info: CGD_example.png used on input line 1260.
(pdftex.def)             Requested size: 234.72879pt x 176.91382pt.
 [44pdfTeX warning (ext4): destination with the same identifier (name{algocf.13
}) has been already used, duplicate ignored

\AtBegShi@Output ...ipout \box \AtBeginShipoutBox 
                                                  \fi \fi 
l.1272 
       pdfTeX warning (ext4): destination with the same identifier (name{figure
.5.8}) has been already used, duplicate ignored

\AtBegShi@Output ...ipout \box \AtBeginShipoutBox 
                                                  \fi \fi 
l.1272 
        <./CGD_example.png>]
<cgd_error.png, id=1059, 1682.4456pt x 922.8879pt>
File: cgd_error.png Graphic file (type png)
 <use cgd_error.png>
Package pdftex.def Info: cgd_error.png used on input line 1291.
(pdftex.def)             Requested size: 336.48315pt x 184.57431pt.

<cgd_gd.png, id=1060, 1682.4456pt x 922.8879pt>
File: cgd_gd.png Graphic file (type png)
 <use cgd_gd.png>
Package pdftex.def Info: cgd_gd.png used on input line 1297.
(pdftex.def)             Requested size: 336.48315pt x 184.57431pt.
 [45pdfTeX warning (ext4): destination with the same identifier (name{figure.5.
9}) has been already used, duplicate ignored

\AtBegShi@Output ...ipout \box \AtBeginShipoutBox 
                                                  \fi \fi 
l.1300 \part
            {Validation on a Finite Element Approximation} <./cgd_error.png>]
[46pdfTeX warning (ext4): destination with the same identifier (name{figure.5.1
0}) has been already used, duplicate ignored

\AtBegShi@Output ...ipout \box \AtBeginShipoutBox 
                                                  \fi \fi 
l.1300 \part
            {Validation on a Finite Element Approximation} <./cgd_gd.png>]
[47

]
Chapter 6.
<subdomain.png, id=1078, 235.88126pt x 240.9pt>
File: subdomain.png Graphic file (type png)
 <use subdomain.png>
Package pdftex.def Info: subdomain.png used on input line 1345.
(pdftex.def)             Requested size: 94.35083pt x 96.35828pt.
 [48

]
[49pdfTeX warning (ext4): destination with the same identifier (name{figure.6.1
}) has been already used, duplicate ignored

\AtBegShi@Output ...ipout \box \AtBeginShipoutBox 
                                                  \fi \fi 
l.1350 \chapter
               {Variational Problem} <./subdomain.png>]
Chapter 7.

Underfull \hbox (badness 10000) in paragraph at lines 1383--1384

 []

[50

]
Missing character: There is no  in font cmr10!
Missing character: There is no  in font cmr10!
Missing character: There is no  in font cmr10!
Missing character: There is no  in font cmr10!
Missing character: There is no  in font cmr10!
Missing character: There is no  in font cmr10!
 [51] [52]
Chapter 8.
[53

] <mesh.png, id=1121, 597.73312pt x 845.40843pt>
File: mesh.png Graphic file (type png)
 <use mesh.png>
Package pdftex.def Info: mesh.png used on input line 1506.
(pdftex.def)             Requested size: 179.32132pt x 253.62448pt.
 [54pdfTeX warning (ext4): destination with the same identifier (name{figure.8.
1}) has been already used, duplicate ignored

\AtBegShi@Output ...ipout \box \AtBeginShipoutBox 
                                                  \fi \fi 
l.1530 \end{itemize}
                     <./mesh.png>]

Package hyperref Warning: Token not allowed in a PDF string (PDFDocEncoding):
(hyperref)                removing `math shift' on input line 1538.


Package hyperref Warning: Token not allowed in a PDF string (PDFDocEncoding):
(hyperref)                removing `math shift' on input line 1538.

[55]
Chapter 9.

Overfull \hbox (11.00334pt too wide) in paragraph at lines 1610--1613
\OT1/cmr/m/n/10 fined by its three nodes (where one of them is $\OML/cmm/m/it/1
0 x[]$\OT1/cmr/m/n/10 ) $(\OML/cmm/m/it/10 x[]; y[]; z[]\OT1/cmr/m/n/10 )\OML/c
mm/m/it/10 ; \OT1/cmr/m/n/10 (\OML/cmm/m/it/10 x[]; y[]; z[]\OT1/cmr/m/n/10 )\O
ML/cmm/m/it/10 ; \OT1/cmr/m/n/10 (\OML/cmm/m/it/10 x[]; y[]; z[]\OT1/cmr/m/n/10
 )$.
 []

[56

]
Overfull \hbox (12.16554pt too wide) in paragraph at lines 1687--1687
[] 
 []

[57]
Overfull \hbox (0.3956pt too wide) in paragraph at lines 1712--1712
[] 
 []

<li.png, id=1146, 597.73312pt x 845.40843pt>
File: li.png Graphic file (type png)
 <use li.png>
Package pdftex.def Info: li.png used on input line 1716.
(pdftex.def)             Requested size: 179.32132pt x 253.62448pt.
 [58]

Package hyperref Warning: Token not allowed in a PDF string (PDFDocEncoding):
(hyperref)                removing `math shift' on input line 1720.


Package hyperref Warning: Token not allowed in a PDF string (PDFDocEncoding):
(hyperref)                removing `\alpha' on input line 1720.


Package hyperref Warning: Token not allowed in a PDF string (PDFDocEncoding):
(hyperref)                removing `math shift' on input line 1720.


Package hyperref Warning: Token not allowed in a PDF string (PDFDocEncoding):
(hyperref)                removing `math shift' on input line 1731.


Package hyperref Warning: Token not allowed in a PDF string (PDFDocEncoding):
(hyperref)                removing `math shift' on input line 1731.

[59pdfTeX warning (ext4): destination with the same identifier (name{figure.9.1
}) has been already used, duplicate ignored

\AtBegShi@Output ...ipout \box \AtBeginShipoutBox 
                                                  \fi \fi 
l.1734 \section
               {Method to Fill the System $Au=L$} <./li.png>]

Package hyperref Warning: Token not allowed in a PDF string (PDFDocEncoding):
(hyperref)                removing `math shift' on input line 1734.


Package hyperref Warning: Token not allowed in a PDF string (PDFDocEncoding):
(hyperref)                removing `math shift' on input line 1734.


Underfull \hbox (badness 10000) in paragraph at lines 1736--1748

 []

[60pdfTeX warning (ext4): destination with the same identifier (name{algocf.14}
) has been already used, duplicate ignored

\AtBegShi@Output ...ipout \box \AtBeginShipoutBox 
                                                  \fi \fi 
l.1779 \]
         pdfTeX warning (ext4): destination with the same identifier (name{algo
cf.15}) has been already used, duplicate ignored

\AtBegShi@Output ...ipout \box \AtBeginShipoutBox 
                                                  \fi \fi 
l.1779 \]
         ] <sparsity.png, id=1179, 1445.4pt x 763.8939pt>
File: sparsity.png Graphic file (type png)
 <use sparsity.png>
Package pdftex.def Info: sparsity.png used on input line 1783.
(pdftex.def)             Requested size: 346.90309pt x 183.33827pt.

Overfull \hbox (1.90309pt too wide) in paragraph at lines 1783--1783
 [][] 
 []

<LU_sparse.png, id=1180, 625.8582pt x 680.7834pt>
File: LU_sparse.png Graphic file (type png)
 <use LU_sparse.png>
Package pdftex.def Info: LU_sparse.png used on input line 1789.
(pdftex.def)             Requested size: 187.7589pt x 204.23659pt.
 [61pdfTeX warning (ext4): destination with the same identifier (name{figure.9.
2}) has been already used, duplicate ignored

\AtBegShi@Output ...ipout \box \AtBeginShipoutBox 
                                                  \fi \fi 
l.1797 
       pdfTeX warning (ext4): destination with the same identifier (name{figure
.9.3}) has been already used, duplicate ignored

\AtBegShi@Output ...ipout \box \AtBeginShipoutBox 
                                                  \fi \fi 
l.1797 
        <./sparsity.png> <./LU_sparse.png>]
<filling_time.png, id=1189, 1734.48pt x 922.8879pt>
File: filling_time.png Graphic file (type png)
 <use filling_time.png>
Package pdftex.def Info: filling_time.png used on input line 1800.
(pdftex.def)             Requested size: 346.88986pt x 184.57431pt.

Overfull \hbox (1.88986pt too wide) in paragraph at lines 1800--1800
 [][] 
 []

<GD_iter.png, id=1190, 1734.48pt x 922.8879pt>
File: GD_iter.png Graphic file (type png)
 <use GD_iter.png>
Package pdftex.def Info: GD_iter.png used on input line 1807.
(pdftex.def)             Requested size: 346.88986pt x 184.57431pt.

Overfull \hbox (1.88986pt too wide) in paragraph at lines 1807--1807
 [][] 
 []

[62pdfTeX warning (ext4): destination with the same identifier (name{figure.9.4
}) has been already used, duplicate ignored

\AtBegShi@Output ...ipout \box \AtBeginShipoutBox 
                                                  \fi \fi 
l.1810 
        <./filling_time.png>] <CGD_iter.png, id=1198, 1734.48pt x 922.8879pt>
File: CGD_iter.png Graphic file (type png)

<use CGD_iter.png>
Package pdftex.def Info: CGD_iter.png used on input line 1814.
(pdftex.def)             Requested size: 346.88986pt x 184.57431pt.

Overfull \hbox (1.88986pt too wide) in paragraph at lines 1814--1814
 [][] 
 []

[63pdfTeX warning (ext4): destination with the same identifier (name{figure.9.5
}) has been already used, duplicate ignored

\AtBegShi@Output ...ipout \box \AtBeginShipoutBox 
                                                  \fi \fi 
l.1819 \chapter
               {Examples and GUI}pdfTeX warning (ext4): destination with the sa
me identifier (name{figure.9.6}) has been already used, duplicate ignored

\AtBegShi@Output ...ipout \box \AtBeginShipoutBox 
                                                  \fi \fi 
l.1819 \chapter
               {Examples and GUI} <./GD_iter.png> <./CGD_iter.png>]
Chapter 10.
<fem_nude.png, id=1207, 837.1275pt x 750.805pt>
File: fem_nude.png Graphic file (type png)
 <use fem_nude.png>
Package pdftex.def Info: fem_nude.png used on input line 1833.
(pdftex.def)             Requested size: 334.84506pt x 300.31668pt.
 [64

]
<set_alpha.png, id=1212, 299.1175pt x 159.59625pt>
File: set_alpha.png Graphic file (type png)
 <use set_alpha.png>
Package pdftex.def Info: set_alpha.png used on input line 1839.
(pdftex.def)             Requested size: 149.55838pt x 79.79791pt.

<set_g.png, id=1213, 195.73125pt x 144.54pt>
File: set_g.png Graphic file (type png)
 <use set_g.png>
Package pdftex.def Info: set_g.png used on input line 1845.
(pdftex.def)             Requested size: 97.86537pt x 72.2698pt.
 [65pdfTeX warning (ext4): destination with the same identifier (name{figure.10
.1}) has been already used, duplicate ignored

\AtBegShi@Output ...ipout \box \AtBeginShipoutBox 
                                                  \fi \fi 
l.1848 F
        inally, the last parameter to set for the discretized problem is the...
pdfTeX warning (ext4): destination with the same identifier (name{figure.10.2})
 has been already used, duplicate ignored

\AtBegShi@Output ...ipout \box \AtBeginShipoutBox 
                                                  \fi \fi 
l.1848 F
        inally, the last parameter to set for the discretized problem is the...
 <./fem_nude.png> <./set_alpha.png>]
<mesh_5.png, id=1220, 388.45125pt x 411.5375pt>
File: mesh_5.png Graphic file (type png)
 <use mesh_5.png>
Package pdftex.def Info: mesh_5.png used on input line 1851.
(pdftex.def)             Requested size: 194.22514pt x 205.76825pt.

<mesh_100.png, id=1221, 944.52875pt x 878.28125pt>
File: mesh_100.png Graphic file (type png)
 <use mesh_100.png>
Package pdftex.def Info: mesh_100.png used on input line 1858.
(pdftex.def)             Requested size: 283.36081pt x 263.4864pt.
 [66pdfTeX warning (ext4): destination with the same identifier (name{figure.10
.3}) has been already used, duplicate ignored

\AtBegShi@Output ...ipout \box \AtBeginShipoutBox 
                                                  \fi \fi 
l.1861 
       pdfTeX warning (ext4): destination with the same identifier (name{figure
.10.4}) has been already used, duplicate ignored

\AtBegShi@Output ...ipout \box \AtBeginShipoutBox 
                                                  \fi \fi 
l.1861 
        <./set_g.png> <./mesh_5.png>]
<fem_main_example.png, id=1229, 1540.75626pt x 874.26625pt>
File: fem_main_example.png Graphic file (type png)

<use fem_main_example.png>
Package pdftex.def Info: fem_main_example.png used on input line 1865.
(pdftex.def)             Requested size: 308.1458pt x 174.85014pt.
 [67pdfTeX warning (ext4): destination with the same identifier (name{figure.10
.5}) has been already used, duplicate ignored

\AtBegShi@Output ...ipout \box \AtBeginShipoutBox 
                                                  \fi \fi 
l.1868 \newpage
               pdfTeX warning (ext4): destination with the same identifier (nam
e{figure.10.6}) has been already used, duplicate ignored

\AtBegShi@Output ...ipout \box \AtBeginShipoutBox 
                                                  \fi \fi 
l.1868 \newpage
                <./mesh_100.png> <./fem_main_example.png>]
<example_1_alpha.png, id=1237, 303.1325pt x 161.60374pt>
File: example_1_alpha.png Graphic file (type png)

<use example_1_alpha.png>
Package pdftex.def Info: example_1_alpha.png used on input line 1874.
(pdftex.def)             Requested size: 151.56587pt x 80.80167pt.
 <example_1_g.png, id=1238, 194.7275pt x 147.55125pt>
File: example_1_g.png Graphic file (type png)

<use example_1_g.png>
Package pdftex.def Info: example_1_g.png used on input line 1881.
(pdftex.def)             Requested size: 97.3635pt x 73.77544pt.

<example_1_solution.png, id=1239, 1548.78625pt x 881.2925pt>
File: example_1_solution.png Graphic file (type png)

<use example_1_solution.png>
Package pdftex.def Info: example_1_solution.png used on input line 1888.
(pdftex.def)             Requested size: 356.21335pt x 202.69301pt.

Overfull \hbox (11.21335pt too wide) in paragraph at lines 1888--1888
 [][] 
 []

[68pdfTeX warning (ext4): destination with the same identifier (name{figure.10.
7}) has been already used, duplicate ignored

\AtBegShi@Output ...ipout \box \AtBeginShipoutBox 
                                                  \fi \fi 
l.1891  \newpage
                pdfTeX warning (ext4): destination with the same identifier (na
me{figure.10.8}) has been already used, duplicate ignored

\AtBegShi@Output ...ipout \box \AtBeginShipoutBox 
                                                  \fi \fi 
l.1891  \newpage
                pdfTeX warning (ext4): destination with the same identifier (na
me{figure.10.9}) has been already used, duplicate ignored

\AtBegShi@Output ...ipout \box \AtBeginShipoutBox 
                                                  \fi \fi 
l.1891  \newpage
                 <./example_1_alpha.png> <./example_1_g.png> <./example_1_solut
ion.png>] <example_2_alpha.png, id=1248, 294.09875pt x 158.5925pt>
File: example_2_alpha.png Graphic file (type png)

<use example_2_alpha.png>
Package pdftex.def Info: example_2_alpha.png used on input line 1895.
(pdftex.def)             Requested size: 147.04901pt x 79.29604pt.

<example_2_g.png, id=1249, 189.70876pt x 147.55125pt>
File: example_2_g.png Graphic file (type png)
 <use example_2_g.png>
Package pdftex.def Info: example_2_g.png used on input line 1902.
(pdftex.def)             Requested size: 94.85414pt x 73.77544pt.

<example_2_solution.png, id=1250, 1538.74875pt x 872.25874pt>
File: example_2_solution.png Graphic file (type png)

<use example_2_solution.png>
Package pdftex.def Info: example_2_solution.png used on input line 1909.
(pdftex.def)             Requested size: 353.90477pt x 200.61528pt.

Overfull \hbox (8.90477pt too wide) in paragraph at lines 1909--1909
 [][] 
 []

[69pdfTeX warning (ext4): destination with the same identifier (name{figure.10.
10}) has been already used, duplicate ignored

\AtBegShi@Output ...ipout \box \AtBeginShipoutBox 
                                                  \fi \fi 
l.1912 \newpage
               pdfTeX warning (ext4): destination with the same identifier (nam
e{figure.10.11}) has been already used, duplicate ignored

\AtBegShi@Output ...ipout \box \AtBeginShipoutBox 
                                                  \fi \fi 
l.1912 \newpage
               pdfTeX warning (ext4): destination with the same identifier (nam
e{figure.10.12}) has been already used, duplicate ignored

\AtBegShi@Output ...ipout \box \AtBeginShipoutBox 
                                                  \fi \fi 
l.1912 \newpage
                <./example_2_alpha.png> <./example_2_g.png> <./example_2_soluti
on.png>]
Chapter 11.
<reference_alpha.png, id=1259, 302.12875pt x 167.62625pt>
File: reference_alpha.png Graphic file (type png)

<use reference_alpha.png>
Package pdftex.def Info: reference_alpha.png used on input line 1924.
(pdftex.def)             Requested size: 160.12747pt x 88.84148pt.
 <reference_g.png, id=1260, 329.23pt x 163.61125pt>
File: reference_g.png Graphic file (type png)

<use reference_g.png>
Package pdftex.def Info: reference_g.png used on input line 1931.
(pdftex.def)             Requested size: 174.49106pt x 86.71353pt.
 <reference_mesh.png, id=1261, 198.7425pt x 226.8475pt>
File: reference_mesh.png Graphic file (type png)

<use reference_mesh.png>
Package pdftex.def Info: reference_mesh.png used on input line 1938.
(pdftex.def)             Requested size: 125.20842pt x 142.91467pt.
 [70

pdfTeX warning (ext4): destination with the same identifier (name{figure.11.1})
 has been already used, duplicate ignored

\AtBegShi@Output ...ipout \box \AtBeginShipoutBox 
                                                  \fi \fi 
l.1941 
       pdfTeX warning (ext4): destination with the same identifier (name{figure
.11.2}) has been already used, duplicate ignored

\AtBegShi@Output ...ipout \box \AtBeginShipoutBox 
                                                  \fi \fi 
l.1941 
        <./reference_alpha.png> <./reference_g.png>]
<reference_sol.png, id=1268, 1912.14375pt x 969.6225pt>
File: reference_sol.png Graphic file (type png)

<use reference_sol.png>
Package pdftex.def Info: reference_sol.png used on input line 1944.
(pdftex.def)             Requested size: 382.42198pt x 193.92107pt.

Overfull \hbox (37.42198pt too wide) in paragraph at lines 1944--1944
 [][] 
 []


Underfull \hbox (badness 10000) in paragraph at lines 1957--1958

 []

<errorvsnorm.png, id=1269, 1102.1175pt x 740.7675pt>
File: errorvsnorm.png Graphic file (type png)
 <use errorvsnorm.png>
Package pdftex.def Info: errorvsnorm.png used on input line 1962.
(pdftex.def)             Requested size: 407.77708pt x 274.07968pt.

Overfull \hbox (62.77708pt too wide) in paragraph at lines 1962--1962
 [][] 
 []

[71pdfTeX warning (ext4): destination with the same identifier (name{figure.11.
3}) has been already used, duplicate ignored

\AtBegShi@Output ...ipout \box \AtBeginShipoutBox 
                                                  \fi \fi 
l.1965 I
        n this case, each subplot represents $|M_{ref}-M_i|$ but the key her...
pdfTeX warning (ext4): destination with the same identifier (name{figure.11.4})
 has been already used, duplicate ignored

\AtBegShi@Output ...ipout \box \AtBeginShipoutBox 
                                                  \fi \fi 
l.1965 I
        n this case, each subplot represents $|M_{ref}-M_i|$ but the key her...
 <./reference_mesh.png> <./reference_sol.png>]
<errorvs.png, id=1276, 925.056pt x 740.7675pt>
File: errorvs.png Graphic file (type png)
 <use errorvs.png>
Package pdftex.def Info: errorvs.png used on input line 1972.
(pdftex.def)             Requested size: 388.52087pt x 311.12022pt.

Overfull \hbox (43.52087pt too wide) in paragraph at lines 1972--1972
 [][] 
 []

[72pdfTeX warning (ext4): destination with the same identifier (name{figure.11.
5}) has been already used, duplicate ignored

\AtBegShi@Output ...ipout \box \AtBeginShipoutBox 
                                                  \fi \fi 
l.1975 N
        ow we can clearly see that the middle-top sub-domain $\Omega_i$ is a...
 <./errorvsnorm.png>] <error_h.png, id=1284, 1378.9116pt x 551.4201pt>
File: error_h.png Graphic file (type png)

<use error_h.png>
Package pdftex.def Info: error_h.png used on input line 1981.
(pdftex.def)             Requested size: 344.72705pt x 137.85469pt.
 [73pdfTeX warning (ext4): destination with the same identifier (name{figure.11
.6}) has been already used, duplicate ignored

\AtBegShi@Output ...ipout \box \AtBeginShipoutBox 
                                                  \fi \fi 
l.1984 W
        hen we plot the error versus $1/N$ we clearly see the error which is...
 <./errorvs.png>]
Underfull \hbox (badness 10000) in paragraph at lines 1988--1992

 []

No file CIRIL.bbl.

Package natbib Warning: There were undefined citations.

[74pdfTeX warning (ext4): destination with the same identifier (name{figure.11.
7}) has been already used, duplicate ignored

\AtBegShi@Output ...ipout \box \AtBeginShipoutBox 
                                                  \fi \fi 
l.2001 \end{document}
                      <./error_h.png>]
Package atveryend Info: Empty hook `BeforeClearDocument' on input line 2001.
Package atveryend Info: Empty hook `AfterLastShipout' on input line 2001.
 (./CIRIL.aux)
Package atveryend Info: Executing hook `AtVeryEndDocument' on input line 2001.
Package atveryend Info: Executing hook `AtEndAfterFileList' on input line 2001.



Package rerunfilecheck Warning: File `CIRIL.out' has changed.
(rerunfilecheck)                Rerun to get outlines right
(rerunfilecheck)                or use package `bookmark'.

Package rerunfilecheck Info: Checksums for `CIRIL.out':
(rerunfilecheck)             Before: 71F3A32CD9E67EED6475CC877E54F163;7055
(rerunfilecheck)             After:  C1941B407A285855576E2A5B6122E38D;5489.

LaTeX Warning: There were undefined references.


LaTeX Warning: There were multiply-defined labels.

Package atveryend Info: Empty hook `AtVeryVeryEnd' on input line 2001.
 ) 
Here is how much of TeX's memory you used:
 30428 strings out of 494977
 680616 string characters out of 6180184
 874012 words of memory out of 5000000
 32585 multiletter control sequences out of 15000+600000
 15818 words of font info for 61 fonts, out of 8000000 for 9000
 36 hyphenation exceptions out of 8191
 62i,22n,97p,1087b,1749s stack positions out of 5000i,500n,10000p,200000b,80000s
pdfTeX warning (dest): name{equation.11.1.1} has been referenced but does not
 exist, replaced by a fixed one

pdfTeX warning (dest): name{equation.10.1.1} has been referenced but does not e
xist, replaced by a fixed one

pdfTeX warning (dest): name{equation.9.0.1} has been referenced but does not ex
ist, replaced by a fixed one

pdfTeX warning (dest): name{section.14.3} has been referenced but does not exis
t, replaced by a fixed one

pdfTeX warning (dest): name{section.14.2} has been referenced but does not exis
t, replaced by a fixed one

pdfTeX warning (dest): name{section.14.1} has been referenced but does not exis
t, replaced by a fixed one

pdfTeX warning (dest): name{chapter.14} has been referenced but does not exist,
 replaced by a fixed one

pdfTeX warning (dest): name{subsection.13.2.2} has been referenced but does not
 exist, replaced by a fixed one

pdfTeX warning (dest): name{subsection.13.2.1} has been referenced but does not
 exist, replaced by a fixed one

pdfTeX warning (dest): name{section.13.2} has been referenced but does not exis
t, replaced by a fixed one

pdfTeX warning (dest): name{section.13.1} has been referenced but does not exis
t, replaced by a fixed one

pdfTeX warning (dest): name{chapter.13} has been referenced but does not exist,
 replaced by a fixed one

pdfTeX warning (dest): name{subsection.12.5.2} has been referenced but does not
 exist, replaced by a fixed one

pdfTeX warning (dest): name{subsection.12.5.1} has been referenced but does not
 exist, replaced by a fixed one

pdfTeX warning (dest): name{section.12.5} has been referenced but does not exis
t, replaced by a fixed one

pdfTeX warning (dest): name{subsection.12.4.2} has been referenced but does not
 exist, replaced by a fixed one

pdfTeX warning (dest): name{subsection.12.4.1} has been referenced but does not
 exist, replaced by a fixed one

pdfTeX warning (dest): name{section.12.4} has been referenced but does not exis
t, replaced by a fixed one

pdfTeX warning (dest): name{section.12.3} has been referenced but does not exis
t, replaced by a fixed one

pdfTeX warning (dest): name{section.12.2} has been referenced but does not exis
t, replaced by a fixed one

pdfTeX warning (dest): name{subsection.12.1.2} has been referenced but does not
 exist, replaced by a fixed one

pdfTeX warning (dest): name{subsection.12.1.1} has been referenced but does not
 exist, replaced by a fixed one

pdfTeX warning (dest): name{section.12.1} has been referenced but does not exis
t, replaced by a fixed one

pdfTeX warning (dest): name{chapter.12} has been referenced but does not exist,
 replaced by a fixed one

pdfTeX warning (dest): name{section.10.3} has been referenced but does not exis
t, replaced by a fixed one

pdfTeX warning (dest): name{subsection.8.9.4} has been referenced but does not 
exist, replaced by a fixed one

pdfTeX warning (dest): name{subsection.8.9.3} has been referenced but does not 
exist, replaced by a fixed one

pdfTeX warning (dest): name{subsection.8.9.2} has been referenced but does not 
exist, replaced by a fixed one

pdfTeX warning (dest): name{subsection.8.9.1} has been referenced but does not 
exist, replaced by a fixed one

pdfTeX warning (dest): name{section.8.9} has been referenced but does not exist
, replaced by a fixed one

pdfTeX warning (dest): name{subsection.8.8.3} has been referenced but does not 
exist, replaced by a fixed one

pdfTeX warning (dest): name{subsection.8.8.2} has been referenced but does not 
exist, replaced by a fixed one

pdfTeX warning (dest): name{subsection.8.8.1} has been referenced but does not 
exist, replaced by a fixed one

pdfTeX warning (dest): name{section.8.8} has been referenced but does not exist
, replaced by a fixed one

pdfTeX warning (dest): name{subsection.8.7.3} has been referenced but does not 
exist, replaced by a fixed one

pdfTeX warning (dest): name{subsection.8.7.2} has been referenced but does not 
exist, replaced by a fixed one

pdfTeX warning (dest): name{subsection.8.7.1} has been referenced but does not 
exist, replaced by a fixed one

pdfTeX warning (dest): name{section.8.7} has been referenced but does not exist
, replaced by a fixed one

pdfTeX warning (dest): name{section.8.6} has been referenced but does not exist
, replaced by a fixed one

pdfTeX warning (dest): name{section.8.5} has been referenced but does not exist
, replaced by a fixed one

pdfTeX warning (dest): name{section.8.4} has been referenced but does not exist
, replaced by a fixed one

pdfTeX warning (dest): name{subsection.8.3.2} has been referenced but does not 
exist, replaced by a fixed one

pdfTeX warning (dest): name{subsection.8.3.1} has been referenced but does not 
exist, replaced by a fixed one

pdfTeX warning (dest): name{subsection.8.1.3} has been referenced but does not 
exist, replaced by a fixed one

pdfTeX warning (dest): name{subsection.8.1.2} has been referenced but does not 
exist, replaced by a fixed one

pdfTeX warning (dest): name{subsection.8.1.1} has been referenced but does not 
exist, replaced by a fixed one

pdfTeX warning (dest): name{subsection.7.3.1} has been referenced but does not 
exist, replaced by a fixed one

pdfTeX warning (dest): name{subsection.7.2.2} has been referenced but does not 
exist, replaced by a fixed one

pdfTeX warning (dest): name{subsection.7.2.1} has been referenced but does not 
exist, replaced by a fixed one

pdfTeX warning (dest): name{subsection.7.1.1} has been referenced but does not 
exist, replaced by a fixed one

pdfTeX warning (dest): name{subsection.6.3.5} has been referenced but does not 
exist, replaced by a fixed one

pdfTeX warning (dest): name{subsection.6.3.4} has been referenced but does not 
exist, replaced by a fixed one

pdfTeX warning (dest): name{subsection.6.3.3} has been referenced but does not 
exist, replaced by a fixed one

pdfTeX warning (dest): name{subsection.6.3.2} has been referenced but does not 
exist, replaced by a fixed one

pdfTeX warning (dest): name{subsection.6.3.1} has been referenced but does not 
exist, replaced by a fixed one

pdfTeX warning (dest): name{section.6.3} has been referenced but does not exist
, replaced by a fixed one

pdfTeX warning (dest): name{section.6.2} has been referenced but does not exist
, replaced by a fixed one

pdfTeX warning (dest): name{section.6.1} has been referenced but does not exist
, replaced by a fixed one

</usr/share/texlive/texmf-dist/fonts/type1/public/amsfonts/cm/cmbx10.pfb></usr/
share/texlive/texmf-dist/fonts/type1/public/amsfonts/cm/cmbx12.pfb></usr/share/
texlive/texmf-dist/fonts/type1/public/amsfonts/cm/cmbx5.pfb></usr/share/texlive
/texmf-dist/fonts/type1/public/amsfonts/cm/cmex10.pfb></usr/share/texlive/texmf
-dist/fonts/type1/public/amsfonts/cm/cmmi10.pfb></usr/share/texlive/texmf-dist/
fonts/type1/public/amsfonts/cm/cmmi12.pfb></usr/share/texlive/texmf-dist/fonts/
type1/public/amsfonts/cm/cmmi5.pfb></usr/share/texlive/texmf-dist/fonts/type1/p
ublic/amsfonts/cm/cmmi7.pfb></usr/share/texlive/texmf-dist/fonts/type1/public/a
msfonts/cm/cmr10.pfb></usr/share/texlive/texmf-dist/fonts/type1/public/amsfonts
/cm/cmr12.pfb></usr/share/texlive/texmf-dist/fonts/type1/public/amsfonts/cm/cmr
17.pfb></usr/share/texlive/texmf-dist/fonts/type1/public/amsfonts/cm/cmr5.pfb><
/usr/share/texlive/texmf-dist/fonts/type1/public/amsfonts/cm/cmr6.pfb></usr/sha
re/texlive/texmf-dist/fonts/type1/public/amsfonts/cm/cmr7.pfb></usr/share/texli
ve/texmf-dist/fonts/type1/public/amsfonts/cm/cmsy10.pfb></usr/share/texlive/tex
mf-dist/fonts/type1/public/amsfonts/cm/cmsy5.pfb></usr/share/texlive/texmf-dist
/fonts/type1/public/amsfonts/cm/cmsy7.pfb></usr/share/texlive/texmf-dist/fonts/
type1/public/amsfonts/cm/cmti10.pfb></usr/share/texlive/texmf-dist/fonts/type1/
public/amsfonts/cm/cmti12.pfb></usr/share/texlive/texmf-dist/fonts/type1/public
/amsfonts/cm/cmti7.pfb></usr/share/texlive/texmf-dist/fonts/type1/public/amsfon
ts/cm/cmtt10.pfb></usr/share/texlive/texmf-dist/fonts/type1/public/amsfonts/cm/
cmtt12.pfb></usr/share/texlive/texmf-dist/fonts/type1/public/amsfonts/cm/cmtt8.
pfb></usr/share/texlive/texmf-dist/fonts/type1/public/amsfonts/symbols/msbm10.p
fb>
Output written on CIRIL.pdf (75 pages, 4253724 bytes).
PDF statistics:
 1486 PDF objects out of 1728 (max. 8388607)
 1309 compressed objects within 14 object streams
 516 named destinations out of 1000 (max. 500000)
 1053 words of extra memory for PDF output out of 10000 (max. 10000000)

